{"D:\\AssCOV2\\test\\server.js": {"path":"D:\\AssCOV2\\test\\server.js","statementMap":{"0":{"start":{"line":1,"column":16},"end":{"line":1,"column":34}},"1":{"start":{"line":2,"column":15},"end":{"line":2,"column":39}},"2":{"start":{"line":3,"column":16},"end":{"line":3,"column":42}},"3":{"start":{"line":4,"column":17},"end":{"line":4,"column":44}},"4":{"start":{"line":5,"column":14},"end":{"line":5,"column":38}},"5":{"start":{"line":8,"column":13},"end":{"line":8,"column":22}},"6":{"start":{"line":9,"column":1},"end":{"line":9,"column":24}},"7":{"start":{"line":10,"column":1},"end":{"line":10,"column":24}},"8":{"start":{"line":11,"column":1},"end":{"line":11,"column":28}},"9":{"start":{"line":12,"column":1},"end":{"line":12,"column":30}},"10":{"start":{"line":13,"column":1},"end":{"line":13,"column":24}},"11":{"start":{"line":14,"column":1},"end":{"line":14,"column":11}},"12":{"start":{"line":17,"column":0},"end":{"line":17,"column":29}}},"fnMap":{"0":{"name":"createServer","decl":{"start":{"line":7,"column":9},"end":{"line":7,"column":21}},"loc":{"start":{"line":7,"column":24},"end":{"line":15,"column":1}},"line":7}},"branchMap":{},"s":{"0":4,"1":4,"2":4,"3":4,"4":4,"5":5,"6":5,"7":5,"8":5,"9":5,"10":5,"11":5,"12":4},"f":{"0":5},"b":{},"_coverageSchema":"1a1c01bbd47fc00a2c39e90264f33305004495a9","hash":"5b3c188cf7e740d82cb081a2cb47f7196d0931dd"}
,"D:\\AssCOV2\\test\\db\\index.js": {"path":"D:\\AssCOV2\\test\\db\\index.js","statementMap":{"0":{"start":{"line":1,"column":16},"end":{"line":1,"column":34}},"1":{"start":{"line":2,"column":17},"end":{"line":2,"column":36}},"2":{"start":{"line":3,"column":21},"end":{"line":3,"column":41}},"3":{"start":{"line":5,"column":0},"end":{"line":12,"column":2}},"4":{"start":{"line":8,"column":14},"end":{"line":8,"column":28}},"5":{"start":{"line":9,"column":2},"end":{"line":11,"column":4}},"6":{"start":{"line":10,"column":3},"end":{"line":10,"column":37}}},"fnMap":{"0":{"name":"(anonymous_0)","decl":{"start":{"line":7,"column":7},"end":{"line":7,"column":8}},"loc":{"start":{"line":7,"column":13},"end":{"line":12,"column":1}},"line":7},"1":{"name":"(anonymous_1)","decl":{"start":{"line":9,"column":19},"end":{"line":9,"column":20}},"loc":{"start":{"line":9,"column":25},"end":{"line":11,"column":3}},"line":9}},"branchMap":{},"s":{"0":1,"1":1,"2":1,"3":1,"4":1,"5":1,"6":0},"f":{"0":1,"1":0},"b":{},"_coverageSchema":"1a1c01bbd47fc00a2c39e90264f33305004495a9","hash":"a48a34242a2dccc7e99e1ae42e324ff95b96184b"}
,"D:\\AssCOV2\\test\\models\\Barrack.js": {"path":"D:\\AssCOV2\\test\\models\\Barrack.js","statementMap":{"0":{"start":{"line":1,"column":17},"end":{"line":1,"column":36}},"1":{"start":{"line":3,"column":15},"end":{"line":7,"column":2}},"2":{"start":{"line":8,"column":0},"end":{"line":8,"column":51}}},"fnMap":{},"branchMap":{},"s":{"0":4,"1":4,"2":4},"f":{},"b":{},"_coverageSchema":"1a1c01bbd47fc00a2c39e90264f33305004495a9","hash":"a315ff467a90f17171a028a801518f2f5bb7216b"}
,"D:\\AssCOV2\\test\\models\\Farm.js": {"path":"D:\\AssCOV2\\test\\models\\Farm.js","statementMap":{"0":{"start":{"line":1,"column":17},"end":{"line":1,"column":36}},"1":{"start":{"line":3,"column":15},"end":{"line":7,"column":2}},"2":{"start":{"line":8,"column":0},"end":{"line":8,"column":48}}},"fnMap":{},"branchMap":{},"s":{"0":4,"1":4,"2":4},"f":{},"b":{},"_coverageSchema":"1a1c01bbd47fc00a2c39e90264f33305004495a9","hash":"ec3d3827e45d05d698b023ade4ee4094446a68ee"}
,"D:\\AssCOV2\\test\\models\\Market.js": {"path":"D:\\AssCOV2\\test\\models\\Market.js","statementMap":{"0":{"start":{"line":1,"column":17},"end":{"line":1,"column":36}},"1":{"start":{"line":3,"column":15},"end":{"line":7,"column":2}},"2":{"start":{"line":8,"column":0},"end":{"line":8,"column":50}}},"fnMap":{},"branchMap":{},"s":{"0":4,"1":4,"2":4},"f":{},"b":{},"_coverageSchema":"1a1c01bbd47fc00a2c39e90264f33305004495a9","hash":"254f8fc7be5c0aea979992513007de6ad9d5de2e"}
,"D:\\AssCOV2\\test\\models\\User.js": {"path":"D:\\AssCOV2\\test\\models\\User.js","statementMap":{"0":{"start":{"line":1,"column":17},"end":{"line":1,"column":36}},"1":{"start":{"line":3,"column":15},"end":{"line":15,"column":2}},"2":{"start":{"line":17,"column":0},"end":{"line":17,"column":48}}},"fnMap":{},"branchMap":{},"s":{"0":4,"1":4,"2":4},"f":{},"b":{},"_coverageSchema":"1a1c01bbd47fc00a2c39e90264f33305004495a9","hash":"cb57fecdcaceaf51bb9b0ef35a6c83a1e54099c0"}
,"D:\\AssCOV2\\test\\routes\\barrack.js": {"path":"D:\\AssCOV2\\test\\routes\\barrack.js","statementMap":{"0":{"start":{"line":1,"column":16},"end":{"line":1,"column":34}},"1":{"start":{"line":2,"column":16},"end":{"line":2,"column":44}},"2":{"start":{"line":3,"column":15},"end":{"line":3,"column":31}},"3":{"start":{"line":7,"column":0},"end":{"line":13,"column":3}},"4":{"start":{"line":8,"column":18},"end":{"line":10,"column":4}},"5":{"start":{"line":11,"column":2},"end":{"line":11,"column":23}},"6":{"start":{"line":12,"column":2},"end":{"line":12,"column":20}},"7":{"start":{"line":16,"column":0},"end":{"line":24,"column":3}},"8":{"start":{"line":17,"column":2},"end":{"line":23,"column":3}},"9":{"start":{"line":18,"column":17},"end":{"line":18,"column":62}},"10":{"start":{"line":19,"column":4},"end":{"line":19,"column":19}},"11":{"start":{"line":21,"column":4},"end":{"line":21,"column":20}},"12":{"start":{"line":22,"column":4},"end":{"line":22,"column":45}},"13":{"start":{"line":27,"column":0},"end":{"line":41,"column":3}},"14":{"start":{"line":28,"column":2},"end":{"line":40,"column":3}},"15":{"start":{"line":29,"column":20},"end":{"line":29,"column":65}},"16":{"start":{"line":31,"column":4},"end":{"line":33,"column":5}},"17":{"start":{"line":32,"column":6},"end":{"line":32,"column":49}},"18":{"start":{"line":35,"column":4},"end":{"line":35,"column":25}},"19":{"start":{"line":36,"column":4},"end":{"line":36,"column":22}},"20":{"start":{"line":38,"column":4},"end":{"line":38,"column":20}},"21":{"start":{"line":39,"column":4},"end":{"line":39,"column":45}},"22":{"start":{"line":44,"column":0},"end":{"line":47,"column":3}},"23":{"start":{"line":45,"column":18},"end":{"line":45,"column":38}},"24":{"start":{"line":46,"column":2},"end":{"line":46,"column":20}},"25":{"start":{"line":50,"column":0},"end":{"line":58,"column":3}},"26":{"start":{"line":51,"column":2},"end":{"line":57,"column":3}},"27":{"start":{"line":52,"column":4},"end":{"line":52,"column":52}},"28":{"start":{"line":53,"column":4},"end":{"line":53,"column":27}},"29":{"start":{"line":55,"column":4},"end":{"line":55,"column":20}},"30":{"start":{"line":56,"column":4},"end":{"line":56,"column":45}},"31":{"start":{"line":60,"column":0},"end":{"line":60,"column":24}}},"fnMap":{"0":{"name":"(anonymous_0)","decl":{"start":{"line":7,"column":25},"end":{"line":7,"column":26}},"loc":{"start":{"line":7,"column":45},"end":{"line":13,"column":1}},"line":7},"1":{"name":"(anonymous_1)","decl":{"start":{"line":16,"column":28},"end":{"line":16,"column":29}},"loc":{"start":{"line":16,"column":48},"end":{"line":24,"column":1}},"line":16},"2":{"name":"(anonymous_2)","decl":{"start":{"line":27,"column":30},"end":{"line":27,"column":31}},"loc":{"start":{"line":27,"column":50},"end":{"line":41,"column":1}},"line":27},"3":{"name":"(anonymous_3)","decl":{"start":{"line":44,"column":24},"end":{"line":44,"column":25}},"loc":{"start":{"line":44,"column":44},"end":{"line":47,"column":1}},"line":44},"4":{"name":"(anonymous_4)","decl":{"start":{"line":50,"column":31},"end":{"line":50,"column":32}},"loc":{"start":{"line":50,"column":51},"end":{"line":58,"column":1}},"line":50}},"branchMap":{"0":{"loc":{"start":{"line":31,"column":4},"end":{"line":33,"column":5}},"type":"if","locations":[{"start":{"line":31,"column":4},"end":{"line":33,"column":5}},{"start":{"line":31,"column":4},"end":{"line":33,"column":5}}],"line":31}},"s":{"0":4,"1":4,"2":4,"3":4,"4":1,"5":1,"6":1,"7":4,"8":1,"9":1,"10":1,"11":0,"12":0,"13":4,"14":1,"15":1,"16":1,"17":1,"18":1,"19":1,"20":0,"21":0,"22":4,"23":1,"24":1,"25":4,"26":1,"27":1,"28":1,"29":0,"30":0,"31":4},"f":{"0":1,"1":1,"2":1,"3":1,"4":1},"b":{"0":[1,0]},"_coverageSchema":"1a1c01bbd47fc00a2c39e90264f33305004495a9","hash":"8b10539e1d82f2ff86db43c8d56549d43aaf5a4a"}
,"D:\\AssCOV2\\test\\routes\\farm.js": {"path":"D:\\AssCOV2\\test\\routes\\farm.js","statementMap":{"0":{"start":{"line":1,"column":16},"end":{"line":1,"column":34}},"1":{"start":{"line":2,"column":13},"end":{"line":2,"column":38}},"2":{"start":{"line":3,"column":15},"end":{"line":3,"column":31}},"3":{"start":{"line":7,"column":0},"end":{"line":13,"column":3}},"4":{"start":{"line":8,"column":15},"end":{"line":10,"column":4}},"5":{"start":{"line":11,"column":2},"end":{"line":11,"column":20}},"6":{"start":{"line":12,"column":2},"end":{"line":12,"column":17}},"7":{"start":{"line":16,"column":0},"end":{"line":24,"column":3}},"8":{"start":{"line":17,"column":2},"end":{"line":23,"column":3}},"9":{"start":{"line":18,"column":17},"end":{"line":18,"column":59}},"10":{"start":{"line":19,"column":4},"end":{"line":19,"column":19}},"11":{"start":{"line":21,"column":4},"end":{"line":21,"column":20}},"12":{"start":{"line":22,"column":4},"end":{"line":22,"column":42}},"13":{"start":{"line":27,"column":0},"end":{"line":41,"column":3}},"14":{"start":{"line":28,"column":2},"end":{"line":40,"column":3}},"15":{"start":{"line":29,"column":17},"end":{"line":29,"column":59}},"16":{"start":{"line":31,"column":4},"end":{"line":33,"column":5}},"17":{"start":{"line":32,"column":6},"end":{"line":32,"column":40}},"18":{"start":{"line":35,"column":4},"end":{"line":35,"column":22}},"19":{"start":{"line":36,"column":4},"end":{"line":36,"column":19}},"20":{"start":{"line":38,"column":4},"end":{"line":38,"column":20}},"21":{"start":{"line":39,"column":4},"end":{"line":39,"column":42}},"22":{"start":{"line":44,"column":0},"end":{"line":47,"column":3}},"23":{"start":{"line":45,"column":15},"end":{"line":45,"column":32}},"24":{"start":{"line":46,"column":2},"end":{"line":46,"column":17}},"25":{"start":{"line":50,"column":0},"end":{"line":58,"column":3}},"26":{"start":{"line":51,"column":2},"end":{"line":57,"column":3}},"27":{"start":{"line":52,"column":4},"end":{"line":52,"column":49}},"28":{"start":{"line":53,"column":4},"end":{"line":53,"column":27}},"29":{"start":{"line":55,"column":4},"end":{"line":55,"column":20}},"30":{"start":{"line":56,"column":4},"end":{"line":56,"column":42}},"31":{"start":{"line":60,"column":0},"end":{"line":60,"column":24}}},"fnMap":{"0":{"name":"(anonymous_0)","decl":{"start":{"line":7,"column":22},"end":{"line":7,"column":23}},"loc":{"start":{"line":7,"column":42},"end":{"line":13,"column":1}},"line":7},"1":{"name":"(anonymous_1)","decl":{"start":{"line":16,"column":25},"end":{"line":16,"column":26}},"loc":{"start":{"line":16,"column":45},"end":{"line":24,"column":1}},"line":16},"2":{"name":"(anonymous_2)","decl":{"start":{"line":27,"column":27},"end":{"line":27,"column":28}},"loc":{"start":{"line":27,"column":47},"end":{"line":41,"column":1}},"line":27},"3":{"name":"(anonymous_3)","decl":{"start":{"line":44,"column":21},"end":{"line":44,"column":22}},"loc":{"start":{"line":44,"column":41},"end":{"line":47,"column":1}},"line":44},"4":{"name":"(anonymous_4)","decl":{"start":{"line":50,"column":28},"end":{"line":50,"column":29}},"loc":{"start":{"line":50,"column":48},"end":{"line":58,"column":1}},"line":50}},"branchMap":{"0":{"loc":{"start":{"line":31,"column":4},"end":{"line":33,"column":5}},"type":"if","locations":[{"start":{"line":31,"column":4},"end":{"line":33,"column":5}},{"start":{"line":31,"column":4},"end":{"line":33,"column":5}}],"line":31}},"s":{"0":4,"1":4,"2":4,"3":4,"4":1,"5":1,"6":1,"7":4,"8":1,"9":1,"10":1,"11":0,"12":0,"13":4,"14":1,"15":1,"16":1,"17":1,"18":1,"19":1,"20":0,"21":0,"22":4,"23":1,"24":1,"25":4,"26":1,"27":1,"28":1,"29":0,"30":0,"31":4},"f":{"0":1,"1":1,"2":1,"3":1,"4":1},"b":{"0":[1,0]},"_coverageSchema":"1a1c01bbd47fc00a2c39e90264f33305004495a9","hash":"33ac0586c989c075f33f135e263f194915dada12"}
,"D:\\AssCOV2\\test\\routes\\market.js": {"path":"D:\\AssCOV2\\test\\routes\\market.js","statementMap":{"0":{"start":{"line":1,"column":16},"end":{"line":1,"column":34}},"1":{"start":{"line":2,"column":15},"end":{"line":2,"column":42}},"2":{"start":{"line":3,"column":15},"end":{"line":3,"column":31}},"3":{"start":{"line":7,"column":0},"end":{"line":13,"column":3}},"4":{"start":{"line":8,"column":17},"end":{"line":10,"column":4}},"5":{"start":{"line":11,"column":2},"end":{"line":11,"column":22}},"6":{"start":{"line":12,"column":2},"end":{"line":12,"column":19}},"7":{"start":{"line":16,"column":0},"end":{"line":24,"column":3}},"8":{"start":{"line":17,"column":2},"end":{"line":23,"column":3}},"9":{"start":{"line":18,"column":19},"end":{"line":18,"column":63}},"10":{"start":{"line":19,"column":4},"end":{"line":19,"column":21}},"11":{"start":{"line":21,"column":4},"end":{"line":21,"column":20}},"12":{"start":{"line":22,"column":4},"end":{"line":22,"column":44}},"13":{"start":{"line":27,"column":0},"end":{"line":41,"column":3}},"14":{"start":{"line":28,"column":2},"end":{"line":40,"column":3}},"15":{"start":{"line":29,"column":19},"end":{"line":29,"column":63}},"16":{"start":{"line":31,"column":4},"end":{"line":33,"column":5}},"17":{"start":{"line":32,"column":6},"end":{"line":32,"column":46}},"18":{"start":{"line":35,"column":4},"end":{"line":35,"column":24}},"19":{"start":{"line":36,"column":4},"end":{"line":36,"column":21}},"20":{"start":{"line":38,"column":4},"end":{"line":38,"column":20}},"21":{"start":{"line":39,"column":4},"end":{"line":39,"column":44}},"22":{"start":{"line":44,"column":0},"end":{"line":47,"column":3}},"23":{"start":{"line":45,"column":17},"end":{"line":45,"column":36}},"24":{"start":{"line":46,"column":2},"end":{"line":46,"column":19}},"25":{"start":{"line":50,"column":0},"end":{"line":58,"column":3}},"26":{"start":{"line":51,"column":2},"end":{"line":57,"column":3}},"27":{"start":{"line":52,"column":4},"end":{"line":52,"column":51}},"28":{"start":{"line":53,"column":4},"end":{"line":53,"column":27}},"29":{"start":{"line":55,"column":4},"end":{"line":55,"column":20}},"30":{"start":{"line":56,"column":4},"end":{"line":56,"column":44}},"31":{"start":{"line":60,"column":0},"end":{"line":60,"column":24}}},"fnMap":{"0":{"name":"(anonymous_0)","decl":{"start":{"line":7,"column":24},"end":{"line":7,"column":25}},"loc":{"start":{"line":7,"column":44},"end":{"line":13,"column":1}},"line":7},"1":{"name":"(anonymous_1)","decl":{"start":{"line":16,"column":27},"end":{"line":16,"column":28}},"loc":{"start":{"line":16,"column":47},"end":{"line":24,"column":1}},"line":16},"2":{"name":"(anonymous_2)","decl":{"start":{"line":27,"column":29},"end":{"line":27,"column":30}},"loc":{"start":{"line":27,"column":49},"end":{"line":41,"column":1}},"line":27},"3":{"name":"(anonymous_3)","decl":{"start":{"line":44,"column":23},"end":{"line":44,"column":24}},"loc":{"start":{"line":44,"column":43},"end":{"line":47,"column":1}},"line":44},"4":{"name":"(anonymous_4)","decl":{"start":{"line":50,"column":30},"end":{"line":50,"column":31}},"loc":{"start":{"line":50,"column":50},"end":{"line":58,"column":1}},"line":50}},"branchMap":{"0":{"loc":{"start":{"line":31,"column":4},"end":{"line":33,"column":5}},"type":"if","locations":[{"start":{"line":31,"column":4},"end":{"line":33,"column":5}},{"start":{"line":31,"column":4},"end":{"line":33,"column":5}}],"line":31}},"s":{"0":4,"1":4,"2":4,"3":4,"4":1,"5":1,"6":1,"7":4,"8":1,"9":1,"10":1,"11":0,"12":0,"13":4,"14":1,"15":1,"16":1,"17":1,"18":1,"19":1,"20":0,"21":0,"22":4,"23":1,"24":1,"25":4,"26":1,"27":1,"28":1,"29":0,"30":0,"31":4},"f":{"0":1,"1":1,"2":1,"3":1,"4":1},"b":{"0":[1,0]},"_coverageSchema":"1a1c01bbd47fc00a2c39e90264f33305004495a9","hash":"2debd3df961294a157f81c803ca5436f399518d7"}
,"D:\\AssCOV2\\test\\routes\\user.js": {"path":"D:\\AssCOV2\\test\\routes\\user.js","statementMap":{"0":{"start":{"line":1,"column":16},"end":{"line":1,"column":34}},"1":{"start":{"line":2,"column":13},"end":{"line":2,"column":38}},"2":{"start":{"line":3,"column":15},"end":{"line":3,"column":31}},"3":{"start":{"line":5,"column":0},"end":{"line":8,"column":3}},"4":{"start":{"line":6,"column":16},"end":{"line":6,"column":33}},"5":{"start":{"line":7,"column":2},"end":{"line":7,"column":18}},"6":{"start":{"line":10,"column":0},"end":{"line":18,"column":3}},"7":{"start":{"line":11,"column":15},"end":{"line":15,"column":4}},"8":{"start":{"line":16,"column":2},"end":{"line":16,"column":20}},"9":{"start":{"line":17,"column":2},"end":{"line":17,"column":17}},"10":{"start":{"line":20,"column":0},"end":{"line":28,"column":3}},"11":{"start":{"line":21,"column":2},"end":{"line":27,"column":3}},"12":{"start":{"line":22,"column":17},"end":{"line":22,"column":59}},"13":{"start":{"line":23,"column":4},"end":{"line":23,"column":19}},"14":{"start":{"line":25,"column":4},"end":{"line":25,"column":20}},"15":{"start":{"line":26,"column":4},"end":{"line":26,"column":47}},"16":{"start":{"line":30,"column":0},"end":{"line":48,"column":3}},"17":{"start":{"line":31,"column":2},"end":{"line":47,"column":3}},"18":{"start":{"line":32,"column":17},"end":{"line":32,"column":59}},"19":{"start":{"line":34,"column":4},"end":{"line":36,"column":5}},"20":{"start":{"line":35,"column":6},"end":{"line":35,"column":40}},"21":{"start":{"line":38,"column":4},"end":{"line":40,"column":5}},"22":{"start":{"line":39,"column":6},"end":{"line":39,"column":40}},"23":{"start":{"line":42,"column":4},"end":{"line":42,"column":22}},"24":{"start":{"line":43,"column":4},"end":{"line":43,"column":19}},"25":{"start":{"line":45,"column":4},"end":{"line":45,"column":20}},"26":{"start":{"line":46,"column":4},"end":{"line":46,"column":47}},"27":{"start":{"line":51,"column":0},"end":{"line":51,"column":24}}},"fnMap":{"0":{"name":"(anonymous_0)","decl":{"start":{"line":5,"column":21},"end":{"line":5,"column":22}},"loc":{"start":{"line":5,"column":41},"end":{"line":8,"column":1}},"line":5},"1":{"name":"(anonymous_1)","decl":{"start":{"line":10,"column":22},"end":{"line":10,"column":23}},"loc":{"start":{"line":10,"column":42},"end":{"line":18,"column":1}},"line":10},"2":{"name":"(anonymous_2)","decl":{"start":{"line":20,"column":25},"end":{"line":20,"column":26}},"loc":{"start":{"line":20,"column":45},"end":{"line":28,"column":1}},"line":20},"3":{"name":"(anonymous_3)","decl":{"start":{"line":30,"column":27},"end":{"line":30,"column":28}},"loc":{"start":{"line":30,"column":47},"end":{"line":48,"column":1}},"line":30}},"branchMap":{"0":{"loc":{"start":{"line":34,"column":4},"end":{"line":36,"column":5}},"type":"if","locations":[{"start":{"line":34,"column":4},"end":{"line":36,"column":5}},{"start":{"line":34,"column":4},"end":{"line":36,"column":5}}],"line":34},"1":{"loc":{"start":{"line":38,"column":4},"end":{"line":40,"column":5}},"type":"if","locations":[{"start":{"line":38,"column":4},"end":{"line":40,"column":5}},{"start":{"line":38,"column":4},"end":{"line":40,"column":5}}],"line":38}},"s":{"0":4,"1":4,"2":4,"3":4,"4":0,"5":0,"6":4,"7":1,"8":1,"9":1,"10":4,"11":0,"12":0,"13":0,"14":0,"15":0,"16":4,"17":1,"18":1,"19":1,"20":1,"21":1,"22":1,"23":1,"24":1,"25":0,"26":0,"27":4},"f":{"0":0,"1":1,"2":0,"3":1},"b":{"0":[1,0],"1":[1,0]},"_coverageSchema":"1a1c01bbd47fc00a2c39e90264f33305004495a9","hash":"5b74e2b34324a97417b272441d302be449feaeff"}
}
