TN:
SF:test\server.js
FN:7,createServer
FNF:1
FNH:1
FNDA:5,createServer
DA:1,4
DA:2,4
DA:3,4
DA:4,4
DA:5,4
DA:8,5
DA:9,5
DA:10,5
DA:11,5
DA:12,5
DA:13,5
DA:14,5
DA:17,4
LF:13
LH:13
BRF:0
BRH:0
end_of_record
TN:
SF:test\db\index.js
FN:7,(anonymous_0)
FN:9,(anonymous_1)
FNF:2
FNH:1
FNDA:1,(anonymous_0)
FNDA:0,(anonymous_1)
DA:1,1
DA:2,1
DA:3,1
DA:5,1
DA:8,1
DA:9,1
DA:10,0
LF:7
LH:6
BRF:0
BRH:0
end_of_record
TN:
SF:test\models\Barrack.js
FNF:0
FNH:0
DA:1,4
DA:3,4
DA:8,4
LF:3
LH:3
BRF:0
BRH:0
end_of_record
TN:
SF:test\models\Farm.js
FNF:0
FNH:0
DA:1,4
DA:3,4
DA:8,4
LF:3
LH:3
BRF:0
BRH:0
end_of_record
TN:
SF:test\models\Market.js
FNF:0
FNH:0
DA:1,4
DA:3,4
DA:8,4
LF:3
LH:3
BRF:0
BRH:0
end_of_record
TN:
SF:test\models\User.js
FNF:0
FNH:0
DA:1,4
DA:3,4
DA:17,4
LF:3
LH:3
BRF:0
BRH:0
end_of_record
TN:
SF:test\routes\barrack.js
FN:7,(anonymous_0)
FN:16,(anonymous_1)
FN:27,(anonymous_2)
FN:44,(anonymous_3)
FN:50,(anonymous_4)
FNF:5
FNH:5
FNDA:1,(anonymous_0)
FNDA:1,(anonymous_1)
FNDA:1,(anonymous_2)
FNDA:1,(anonymous_3)
FNDA:1,(anonymous_4)
DA:1,4
DA:2,4
DA:3,4
DA:7,4
DA:8,1
DA:11,1
DA:12,1
DA:16,4
DA:17,1
DA:18,1
DA:19,1
DA:21,0
DA:22,0
DA:27,4
DA:28,1
DA:29,1
DA:31,1
DA:32,1
DA:35,1
DA:36,1
DA:38,0
DA:39,0
DA:44,4
DA:45,1
DA:46,1
DA:50,4
DA:51,1
DA:52,1
DA:53,1
DA:55,0
DA:56,0
DA:60,4
LF:32
LH:26
BRDA:31,0,0,1
BRDA:31,0,1,0
BRF:2
BRH:1
end_of_record
TN:
SF:test\routes\farm.js
FN:7,(anonymous_0)
FN:16,(anonymous_1)
FN:27,(anonymous_2)
FN:44,(anonymous_3)
FN:50,(anonymous_4)
FNF:5
FNH:5
FNDA:1,(anonymous_0)
FNDA:1,(anonymous_1)
FNDA:1,(anonymous_2)
FNDA:1,(anonymous_3)
FNDA:1,(anonymous_4)
DA:1,4
DA:2,4
DA:3,4
DA:7,4
DA:8,1
DA:11,1
DA:12,1
DA:16,4
DA:17,1
DA:18,1
DA:19,1
DA:21,0
DA:22,0
DA:27,4
DA:28,1
DA:29,1
DA:31,1
DA:32,1
DA:35,1
DA:36,1
DA:38,0
DA:39,0
DA:44,4
DA:45,1
DA:46,1
DA:50,4
DA:51,1
DA:52,1
DA:53,1
DA:55,0
DA:56,0
DA:60,4
LF:32
LH:26
BRDA:31,0,0,1
BRDA:31,0,1,0
BRF:2
BRH:1
end_of_record
TN:
SF:test\routes\market.js
FN:7,(anonymous_0)
FN:16,(anonymous_1)
FN:27,(anonymous_2)
FN:44,(anonymous_3)
FN:50,(anonymous_4)
FNF:5
FNH:5
FNDA:1,(anonymous_0)
FNDA:1,(anonymous_1)
FNDA:1,(anonymous_2)
FNDA:1,(anonymous_3)
FNDA:1,(anonymous_4)
DA:1,4
DA:2,4
DA:3,4
DA:7,4
DA:8,1
DA:11,1
DA:12,1
DA:16,4
DA:17,1
DA:18,1
DA:19,1
DA:21,0
DA:22,0
DA:27,4
DA:28,1
DA:29,1
DA:31,1
DA:32,1
DA:35,1
DA:36,1
DA:38,0
DA:39,0
DA:44,4
DA:45,1
DA:46,1
DA:50,4
DA:51,1
DA:52,1
DA:53,1
DA:55,0
DA:56,0
DA:60,4
LF:32
LH:26
BRDA:31,0,0,1
BRDA:31,0,1,0
BRF:2
BRH:1
end_of_record
TN:
SF:test\routes\user.js
FN:5,(anonymous_0)
FN:10,(anonymous_1)
FN:20,(anonymous_2)
FN:30,(anonymous_3)
FNF:4
FNH:2
FNDA:0,(anonymous_0)
FNDA:1,(anonymous_1)
FNDA:0,(anonymous_2)
FNDA:1,(anonymous_3)
DA:1,4
DA:2,4
DA:3,4
DA:5,4
DA:6,0
DA:7,0
DA:10,4
DA:11,1
DA:16,1
DA:17,1
DA:20,4
DA:21,0
DA:22,0
DA:23,0
DA:25,0
DA:26,0
DA:30,4
DA:31,1
DA:32,1
DA:34,1
DA:35,1
DA:38,1
DA:39,1
DA:42,1
DA:43,1
DA:45,0
DA:46,0
DA:51,4
LF:28
LH:19
BRDA:34,0,0,1
BRDA:34,0,1,0
BRDA:38,1,0,1
BRDA:38,1,1,0
BRF:4
BRH:2
end_of_record
